<?xml version="1.0" encoding="UTF-8"?>
<!-- Generated by org.testng.reporters.JUnitXMLReporter -->
<testsuite ignored="0" hostname="DESKTOP-1OQVAD7" failures="0" tests="4" name="Default test" time="4.629" errors="0" timestamp="2024-06-02T11:56:04 IST">
  <testcase classname="extra.PracticeScript1" name="test1" time="2.169"/>
  <testcase classname="extra.PracticeScript1" name="test2" time="2.166"/>
  <testcase classname="extra.PracticeScript1" name="test3" time="0.024"/>
  <testcase classname="extra.PracticeScript1" name="test4" time="0.202"/>
</testsuite> <!-- Default test -->
