<?xml version="1.0" encoding="UTF-8"?>
<!-- Generated by org.testng.reporters.JUnitXMLReporter -->
<testsuite ignored="0" hostname="DESKTOP-1OQVAD7" failures="0" tests="3" name="Default test" time="9.025" errors="0" timestamp="2024-06-02T11:36:54 IST">
  <testcase classname="extra.PracticeScript1" name="test1" time="7.103"/>
  <testcase classname="extra.PracticeScript1" name="test2" time="1.657"/>
  <testcase classname="extra.PracticeScript1" name="test3" time="0.222"/>
</testsuite> <!-- Default test -->
